1605682749706	geckodriver	INFO	Listening on 127.0.0.1:52999
1605682750724	mozrunner::runner	INFO	Running command: "/Applications/Firefox.app/Contents/MacOS/firefox-bin" "--marionette" "-foreground" "-no-remote" "-profile" "/var/folders/cr/9w5017_s4c3058kgc4407mq80000gn/T/rust_mozprofiletWoZw0"
console.warn: SearchSettings: "get: No settings file exists, new profile?" (new Error("", "(unknown module)"))
1605682754507	Marionette	INFO	Listening on port 53014
1605682754586	Marionette	WARN	TLS certificate errors will be ignored for this session
JavaScript error: resource://gre/modules/URIFixup.jsm, line 271: NS_ERROR_FAILURE: Should pass a non-null uri
JavaScript error: https://services.ecourts.gov.in/ecourtindia_v4_bilingual/js/jquery.js, line 2: Error: Syntax error, unrecognized expression: a[href^=#fontsize], a[href=#bigger], a[href=#smaller]
JavaScript error: resource://gre/actors/AutoCompleteChild.jsm, line 235: Error: Invalid autocomplete selectedIndex
JavaScript error: https://services.ecourts.gov.in/ecourtindia_v4_bilingual/cases/s_casetype.php?state=D&state_cd=26&dist_cd=8, line 1: ReferenceError: clearCaptchaText is not defined
JavaScript error: https://services.ecourts.gov.in/ecourtindia_v4_bilingual/cases/s_casetype.php?state=D&state_cd=26&dist_cd=8, line 1: ReferenceError: clearCaptchaText is not defined
JavaScript error: https://services.ecourts.gov.in/ecourtindia_v4_bilingual/cases/s_casetype.php?state=D&state_cd=26&dist_cd=8, line 1: ReferenceError: clearCaptchaText is not defined
1605682842123	Marionette	INFO	Stopped listening on port 53014
1605684198422	geckodriver	INFO	Listening on 127.0.0.1:58061
1605684199426	mozrunner::runner	INFO	Running command: "/Applications/Firefox.app/Contents/MacOS/firefox-bin" "--marionette" "-foreground" "-no-remote" "-profile" "/var/folders/cr/9w5017_s4c3058kgc4407mq80000gn/T/rust_mozprofiley3zpQK"
console.warn: SearchSettings: "get: No settings file exists, new profile?" (new Error("", "(unknown module)"))
console.error: Region.jsm: "Error fetching region" (new TypeError("NetworkError when attempting to fetch resource.", ""))
console.error: Region.jsm: "Failed to fetch region" (new Error("NO_RESULT", "resource://gre/modules/Region.jsm", 351))
1605684204018	Marionette	INFO	Listening on port 58072
1605684204122	Marionette	WARN	TLS certificate errors will be ignored for this session
JavaScript error: resource://gre/modules/URIFixup.jsm, line 271: NS_ERROR_FAILURE: Should pass a non-null uri
JavaScript error: https://services.ecourts.gov.in/ecourtindia_v4_bilingual/js/jquery.js, line 2: Error: Syntax error, unrecognized expression: a[href^=#fontsize], a[href=#bigger], a[href=#smaller]
JavaScript error: resource://gre/actors/AutoCompleteChild.jsm, line 235: Error: Invalid autocomplete selectedIndex
JavaScript error: https://services.ecourts.gov.in/ecourtindia_v4_bilingual/cases/s_casetype.php?state=D&state_cd=26&dist_cd=8, line 1: ReferenceError: clearCaptchaText is not defined
JavaScript error: https://services.ecourts.gov.in/ecourtindia_v4_bilingual/cases/s_casetype.php?state=D&state_cd=26&dist_cd=8, line 1: ReferenceError: clearCaptchaText is not defined
1605684280184	Marionette	WARN	TimedPromise timed out after 500 ms: stacktrace:
TimedPromise/<@chrome://marionette/content/sync.js:228:19
TimedPromise@chrome://marionette/content/sync.js:213:10
interaction.flushEventLoop@chrome://marionette/content/interaction.js:418:10
webdriverClickElement@chrome://marionette/content/interaction.js:179:31
1605684284433	Marionette	WARN	TimedPromise timed out after 500 ms: stacktrace:
TimedPromise/<@chrome://marionette/content/sync.js:228:19
TimedPromise@chrome://marionette/content/sync.js:213:10
interaction.flushEventLoop@chrome://marionette/content/interaction.js:418:10
webdriverClickElement@chrome://marionette/content/interaction.js:179:31
1605684287539	Marionette	WARN	TimedPromise timed out after 500 ms: stacktrace:
TimedPromise/<@chrome://marionette/content/sync.js:228:19
TimedPromise@chrome://marionette/content/sync.js:213:10
interaction.flushEventLoop@chrome://marionette/content/interaction.js:418:10
webdriverClickElement@chrome://marionette/content/interaction.js:179:31
1605685268968	geckodriver	INFO	Listening on 127.0.0.1:62626
1605685269987	mozrunner::runner	INFO	Running command: "/Applications/Firefox.app/Contents/MacOS/firefox-bin" "--marionette" "-foreground" "-no-remote" "-profile" "/var/folders/cr/9w5017_s4c3058kgc4407mq80000gn/T/rust_mozprofileFjFQAy"
console.warn: SearchSettings: "get: No settings file exists, new profile?" (new Error("", "(unknown module)"))
1605685273081	Marionette	INFO	Listening on port 62638
1605685273188	Marionette	WARN	TLS certificate errors will be ignored for this session
JavaScript error: resource://gre/modules/URIFixup.jsm, line 271: NS_ERROR_FAILURE: Should pass a non-null uri
JavaScript error: https://services.ecourts.gov.in/ecourtindia_v4_bilingual/js/jquery.js, line 2: Error: Syntax error, unrecognized expression: a[href^=#fontsize], a[href=#bigger], a[href=#smaller]
JavaScript error: resource://gre/actors/AutoCompleteChild.jsm, line 235: Error: Invalid autocomplete selectedIndex
JavaScript error: https://services.ecourts.gov.in/ecourtindia_v4_bilingual/cases/s_casetype.php?state=D&state_cd=26&dist_cd=8, line 1: ReferenceError: clearCaptchaText is not defined
JavaScript error: https://services.ecourts.gov.in/ecourtindia_v4_bilingual/cases/s_casetype.php?state=D&state_cd=26&dist_cd=8, line 1: ReferenceError: clearCaptchaText is not defined
JavaScript error: https://services.ecourts.gov.in/ecourtindia_v4_bilingual/cases/s_casetype.php?state=D&state_cd=26&dist_cd=8, line 1: ReferenceError: clearCaptchaText is not defined
1605685373231	Marionette	INFO	Stopped listening on port 62638
1605685446196	geckodriver	INFO	Listening on 127.0.0.1:63441
1605685447213	mozrunner::runner	INFO	Running command: "/Applications/Firefox.app/Contents/MacOS/firefox-bin" "--marionette" "-foreground" "-no-remote" "-profile" "/var/folders/cr/9w5017_s4c3058kgc4407mq80000gn/T/rust_mozprofiletPJx9H"
console.warn: SearchSettings: "get: No settings file exists, new profile?" (new Error("", "(unknown module)"))
1605685450428	Marionette	INFO	Listening on port 63454
1605685450528	Marionette	WARN	TLS certificate errors will be ignored for this session
JavaScript error: resource://gre/modules/URIFixup.jsm, line 271: NS_ERROR_FAILURE: Should pass a non-null uri
console.error: services.settings: 
  main/fxmonitor-breaches Signature failed  Error: Shutdown, aborting read-only worker requests.
console.error: services.settings: 
  main/message-groups Signature failed  Error: Shutdown, aborting read-only worker requests.
console.error: services.settings: 
  main/nimbus-desktop-experiments Signature failed  Error: Shutdown, aborting read-only worker requests.

###!!! [Parent][DispatchAsyncMessage] Error: PBackgroundIDBFactory::Msg_PBackgroundIDBFactoryRequestConstructor Value error: message was deserialized, but contained an illegal value

1605685452428	Marionette	INFO	Stopped listening on port 63454
1605685580720	geckodriver	INFO	Listening on 127.0.0.1:64069
1605685581731	mozrunner::runner	INFO	Running command: "/Applications/Firefox.app/Contents/MacOS/firefox-bin" "--marionette" "-foreground" "-no-remote" "-profile" "/var/folders/cr/9w5017_s4c3058kgc4407mq80000gn/T/rust_mozprofilencfciZ"
console.warn: SearchSettings: "get: No settings file exists, new profile?" (new Error("", "(unknown module)"))
1605685584478	Marionette	INFO	Listening on port 64080
1605685584551	Marionette	WARN	TLS certificate errors will be ignored for this session
JavaScript error: resource://gre/modules/URIFixup.jsm, line 271: NS_ERROR_FAILURE: Should pass a non-null uri
JavaScript error: https://services.ecourts.gov.in/ecourtindia_v4_bilingual/js/jquery.js, line 2: Error: Syntax error, unrecognized expression: a[href^=#fontsize], a[href=#bigger], a[href=#smaller]
JavaScript error: resource://gre/actors/AutoCompleteChild.jsm, line 235: Error: Invalid autocomplete selectedIndex
JavaScript error: https://services.ecourts.gov.in/ecourtindia_v4_bilingual/cases/s_casetype.php?state=D&state_cd=26&dist_cd=8, line 1: ReferenceError: clearCaptchaText is not defined
JavaScript error: https://services.ecourts.gov.in/ecourtindia_v4_bilingual/cases/s_casetype.php?state=D&state_cd=26&dist_cd=8, line 1: ReferenceError: clearCaptchaText is not defined
JavaScript error: https://services.ecourts.gov.in/ecourtindia_v4_bilingual/cases/s_casetype.php?state=D&state_cd=26&dist_cd=8, line 1: ReferenceError: clearCaptchaText is not defined
JavaScript error: https://services.ecourts.gov.in/ecourtindia_v4_bilingual/cases/s_casetype.php?state=D&state_cd=26&dist_cd=8, line 1: ReferenceError: clearCaptchaText is not defined
JavaScript error: https://services.ecourts.gov.in/ecourtindia_v4_bilingual/cases/s_casetype.php?state=D&state_cd=26&dist_cd=8, line 1: ReferenceError: clearCaptchaText is not defined
1605685653878	Marionette	INFO	Stopped listening on port 64080
JavaScript error: resource://devtools/client/inspector/rules/utils/utils.js, line 192: TypeError: rule is undefined
JavaScript error: resource://devtools/client/inspector/rules/utils/utils.js, line 192: TypeError: rule is undefined
JavaScript error: resource://devtools/client/inspector/rules/utils/utils.js, line 192: TypeError: rule is undefined
1605685806274	geckodriver	INFO	Listening on 127.0.0.1:65097
1605685807281	mozrunner::runner	INFO	Running command: "/Applications/Firefox.app/Contents/MacOS/firefox-bin" "--marionette" "-foreground" "-no-remote" "-profile" "/var/folders/cr/9w5017_s4c3058kgc4407mq80000gn/T/rust_mozprofileTa2532"
console.warn: SearchSettings: "get: No settings file exists, new profile?" (new Error("", "(unknown module)"))
1605685810365	Marionette	INFO	Listening on port 65110
1605685810419	Marionette	WARN	TLS certificate errors will be ignored for this session
JavaScript error: resource://gre/modules/URIFixup.jsm, line 271: NS_ERROR_FAILURE: Should pass a non-null uri
JavaScript error: https://services.ecourts.gov.in/ecourtindia_v4_bilingual/js/jquery.js, line 2: Error: Syntax error, unrecognized expression: a[href^=#fontsize], a[href=#bigger], a[href=#smaller]
JavaScript error: resource://gre/actors/AutoCompleteChild.jsm, line 235: Error: Invalid autocomplete selectedIndex
1605686004495	Marionette	INFO	Stopped listening on port 65110
JavaScript error: https://woocommerce-455317-1425583.cloudwaysapps.com/my-account/, line 2037: TypeError: x1[0] is undefined
JavaScript error: https://woocommerce-455317-1425583.cloudwaysapps.com/wp-content/plugins/wc-frontend-manager-analytics/assets/js/wcfma-script-analytics-dashboard.js?ver=2.2.3, line 3: ReferenceError: wcfma_map_name is not defined
JavaScript error: https://woocommerce-455317-1425583.cloudwaysapps.com/vendors/testing/, line 2239: TypeError: x1[0] is undefined
JavaScript error: https://woocommerce-455317-1425583.cloudwaysapps.com/vendors/testing/, line 2239: TypeError: x1[0] is undefined
1605687138341	Marionette	INFO	Stopped listening on port 58072
1605687163635	geckodriver	INFO	Listening on 127.0.0.1:51128
1605687164658	mozrunner::runner	INFO	Running command: "/Applications/Firefox.app/Contents/MacOS/firefox-bin" "--marionette" "-foreground" "-no-remote" "-profile" "/var/folders/cr/9w5017_s4c3058kgc4407mq80000gn/T/rust_mozprofilefOa7Rc"
console.warn: SearchSettings: "get: No settings file exists, new profile?" (new Error("", "(unknown module)"))
1605687169610	Marionette	INFO	Listening on port 51135
1605687169677	Marionette	WARN	TLS certificate errors will be ignored for this session
JavaScript error: resource://gre/modules/URIFixup.jsm, line 271: NS_ERROR_FAILURE: Should pass a non-null uri
JavaScript error: https://services.ecourts.gov.in/ecourtindia_v4_bilingual/js/jquery.js, line 2: Error: Syntax error, unrecognized expression: a[href^=#fontsize], a[href=#bigger], a[href=#smaller]
JavaScript error: resource://gre/actors/AutoCompleteChild.jsm, line 235: Error: Invalid autocomplete selectedIndex
JavaScript error: https://services.ecourts.gov.in/ecourtindia_v4_bilingual/cases/s_casetype.php?state=D&state_cd=26&dist_cd=8, line 1: ReferenceError: clearCaptchaText is not defined
1605687380555	Marionette	INFO	Stopped listening on port 51135
