1601536992471	geckodriver	INFO	Listening on 127.0.0.1:49910
1601536993494	mozrunner::runner	INFO	Running command: "/Applications/Firefox.app/Contents/MacOS/firefox-bin" "--marionette" "--headless" "-foreground" "-no-remote" "-profile" "/var/folders/cr/9w5017_s4c3058kgc4407mq80000gn/T/rust_mozprofileZuAERc"
*** You are running in headless mode.
console.error: SearchCache: "_readCacheFile: Error reading cache file:" (new Error("", "(unknown module)"))
1601536998789	Marionette	INFO	Listening on port 49921
1601536998860	Marionette	WARN	TLS certificate errors will be ignored for this session
JavaScript error: https://services.ecourts.gov.in/ecourtindia_v4_bilingual/cases/s_orderdate.php?state=D&state_cd=26&dist_cd=8, line 609: TypeError: parent.document.getElementById(...) is null
JavaScript error: https://services.ecourts.gov.in/ecourtindia_v4_bilingual/cases/s_orderdate.php?state=D&state_cd=26&dist_cd=8, line 638: TypeError: parent.document.getElementById(...) is null
JavaScript error: https://services.ecourts.gov.in/ecourtindia_v4_bilingual/cases/s_orderdate.php?state=D&state_cd=26&dist_cd=8, line 1: ReferenceError: funCourtEstChange is not defined
JavaScript error: https://services.ecourts.gov.in/ecourtindia_v4_bilingual/cases/s_orderdate.php?state=D&state_cd=26&dist_cd=8, line 1: ReferenceError: clearCaptchaText is not defined
JavaScript error: https://services.ecourts.gov.in/ecourtindia_v4_bilingual/cases/s_orderdate.php?state=D&state_cd=26&dist_cd=8, line 1: ReferenceError: clearCaptchaText is not defined
JavaScript error: https://services.ecourts.gov.in/ecourtindia_v4_bilingual/cases/s_orderdate.php?state=D&state_cd=26&dist_cd=8, line 1: ReferenceError: clearCaptchaText is not defined
JavaScript error: https://services.ecourts.gov.in/ecourtindia_v4_bilingual/cases/s_orderdate.php?state=D&state_cd=26&dist_cd=8, line 1: ReferenceError: clearCaptchaText is not defined
JavaScript error: https://services.ecourts.gov.in/ecourtindia_v4_bilingual/cases/s_orderdate.php?state=D&state_cd=26&dist_cd=8, line 1: ReferenceError: clearCaptchaText is not defined
JavaScript error: https://services.ecourts.gov.in/ecourtindia_v4_bilingual/cases/s_orderdate.php?state=D&state_cd=26&dist_cd=8, line 1: ReferenceError: clearCaptchaText is not defined
JavaScript error: https://services.ecourts.gov.in/ecourtindia_v4_bilingual/cases/s_orderdate.php?state=D&state_cd=26&dist_cd=8, line 1: ReferenceError: clearCaptchaText is not defined
JavaScript error: https://services.ecourts.gov.in/ecourtindia_v4_bilingual/cases/s_orderdate.php?state=D&state_cd=26&dist_cd=8, line 1: ReferenceError: clearCaptchaText is not defined
1601537034396	Marionette	INFO	Stopped listening on port 49921
1601537093200	geckodriver	INFO	Listening on 127.0.0.1:50015
1601537094224	mozrunner::runner	INFO	Running command: "/Applications/Firefox.app/Contents/MacOS/firefox-bin" "--marionette" "--headless" "-foreground" "-no-remote" "-profile" "/var/folders/cr/9w5017_s4c3058kgc4407mq80000gn/T/rust_mozprofile5zbLtY"
*** You are running in headless mode.
console.error: SearchCache: "_readCacheFile: Error reading cache file:" (new Error("", "(unknown module)"))
1601537097135	Marionette	INFO	Listening on port 50026
1601537097207	Marionette	WARN	TLS certificate errors will be ignored for this session
JavaScript error: https://services.ecourts.gov.in/ecourtindia_v4_bilingual/cases/s_orderdate.php?state=D&state_cd=26&dist_cd=8, line 609: TypeError: parent.document.getElementById(...) is null
JavaScript error: https://services.ecourts.gov.in/ecourtindia_v4_bilingual/cases/s_orderdate.php?state=D&state_cd=26&dist_cd=8, line 638: TypeError: parent.document.getElementById(...) is null
JavaScript error: https://services.ecourts.gov.in/ecourtindia_v4_bilingual/cases/s_orderdate.php?state=D&state_cd=26&dist_cd=8, line 1: ReferenceError: funCourtEstChange is not defined
1601537173945	geckodriver	INFO	Listening on 127.0.0.1:50109
1601537173960	mozrunner::runner	INFO	Running command: "/Applications/Firefox.app/Contents/MacOS/firefox-bin" "--marionette" "--headless" "-foreground" "-no-remote" "-profile" "/var/folders/cr/9w5017_s4c3058kgc4407mq80000gn/T/rust_mozprofileo7p3TP"
*** You are running in headless mode.
console.error: SearchCache: "_readCacheFile: Error reading cache file:" (new Error("", "(unknown module)"))
1601537178554	Marionette	INFO	Listening on port 50118
1601537178581	Marionette	WARN	TLS certificate errors will be ignored for this session
JavaScript error: https://services.ecourts.gov.in/ecourtindia_v4_bilingual/cases/s_orderdate.php?state=D&state_cd=26&dist_cd=8, line 609: TypeError: parent.document.getElementById(...) is null
JavaScript error: https://services.ecourts.gov.in/ecourtindia_v4_bilingual/cases/s_orderdate.php?state=D&state_cd=26&dist_cd=8, line 638: TypeError: parent.document.getElementById(...) is null
JavaScript error: https://services.ecourts.gov.in/ecourtindia_v4_bilingual/cases/s_orderdate.php?state=D&state_cd=26&dist_cd=8, line 1: ReferenceError: funCourtEstChange is not defined
1601537271398	geckodriver	INFO	Listening on 127.0.0.1:50206
1601537272422	mozrunner::runner	INFO	Running command: "/Applications/Firefox.app/Contents/MacOS/firefox-bin" "--marionette" "--headless" "-foreground" "-no-remote" "-profile" "/var/folders/cr/9w5017_s4c3058kgc4407mq80000gn/T/rust_mozprofileZ02c4d"
*** You are running in headless mode.
console.error: SearchCache: "_readCacheFile: Error reading cache file:" (new Error("", "(unknown module)"))
1601537275661	Marionette	INFO	Listening on port 50217
1601537275722	Marionette	WARN	TLS certificate errors will be ignored for this session
JavaScript error: https://services.ecourts.gov.in/ecourtindia_v4_bilingual/cases/s_orderdate.php?state=D&state_cd=26&dist_cd=8, line 609: TypeError: parent.document.getElementById(...) is null
JavaScript error: https://services.ecourts.gov.in/ecourtindia_v4_bilingual/cases/s_orderdate.php?state=D&state_cd=26&dist_cd=8, line 638: TypeError: parent.document.getElementById(...) is null
JavaScript error: https://services.ecourts.gov.in/ecourtindia_v4_bilingual/cases/s_orderdate.php?state=D&state_cd=26&dist_cd=8, line 1: ReferenceError: funCourtEstChange is not defined
JavaScript error: https://services.ecourts.gov.in/ecourtindia_v4_bilingual/cases/s_orderdate.php?state=D&state_cd=26&dist_cd=8, line 1: ReferenceError: clearCaptchaText is not defined
JavaScript error: https://services.ecourts.gov.in/ecourtindia_v4_bilingual/cases/s_orderdate.php?state=D&state_cd=26&dist_cd=8, line 1: ReferenceError: clearCaptchaText is not defined
1601537299742	Marionette	INFO	Stopped listening on port 50217
1601544630664	geckodriver	INFO	Listening on 127.0.0.1:50979
1601544631687	mozrunner::runner	INFO	Running command: "/Applications/Firefox.app/Contents/MacOS/firefox-bin" "--marionette" "--headless" "-foreground" "-no-remote" "-profile" "/var/folders/cr/9w5017_s4c3058kgc4407mq80000gn/T/rust_mozprofileWfBjPj"
*** You are running in headless mode.
console.error: SearchCache: "_readCacheFile: Error reading cache file:" (new Error("", "(unknown module)"))
1601544637172	Marionette	INFO	Listening on port 50990
1601544637206	Marionette	WARN	TLS certificate errors will be ignored for this session
JavaScript error: https://services.ecourts.gov.in/ecourtindia_v4_bilingual/cases/s_orderdate.php?state=D&state_cd=26&dist_cd=8, line 609: TypeError: parent.document.getElementById(...) is null
JavaScript error: https://services.ecourts.gov.in/ecourtindia_v4_bilingual/cases/s_orderdate.php?state=D&state_cd=26&dist_cd=8, line 638: TypeError: parent.document.getElementById(...) is null
JavaScript error: https://services.ecourts.gov.in/ecourtindia_v4_bilingual/cases/s_orderdate.php?state=D&state_cd=26&dist_cd=8, line 1: ReferenceError: funCourtEstChange is not defined
1601544687809	Marionette	INFO	Stopped listening on port 50990
1601544766185	geckodriver	INFO	Listening on 127.0.0.1:51099
1601544767211	mozrunner::runner	INFO	Running command: "/Applications/Firefox.app/Contents/MacOS/firefox-bin" "--marionette" "-foreground" "-no-remote" "-profile" "/var/folders/cr/9w5017_s4c3058kgc4407mq80000gn/T/rust_mozprofileqMbmnR"
console.error: SearchCache: "_readCacheFile: Error reading cache file:" (new Error("", "(unknown module)"))
1601544770623	Marionette	INFO	Listening on port 51110
1601544770670	Marionette	WARN	TLS certificate errors will be ignored for this session
JavaScript error: resource://gre/modules/URIFixup.jsm, line 271: NS_ERROR_FAILURE: Should pass a non-null uri
JavaScript error: https://services.ecourts.gov.in/ecourtindia_v4_bilingual/cases/s_orderdate.php?state=D&state_cd=26&dist_cd=8, line 609: TypeError: parent.document.getElementById(...) is null
JavaScript error: https://services.ecourts.gov.in/ecourtindia_v4_bilingual/cases/s_orderdate.php?state=D&state_cd=26&dist_cd=8, line 638: TypeError: parent.document.getElementById(...) is null
JavaScript error: https://services.ecourts.gov.in/ecourtindia_v4_bilingual/cases/s_orderdate.php?state=D&state_cd=26&dist_cd=8, line 1: ReferenceError: funCourtEstChange is not defined
1601544791765	Marionette	INFO	Stopped listening on port 51110
1601544831446	geckodriver	INFO	Listening on 127.0.0.1:51184
1601544832469	mozrunner::runner	INFO	Running command: "/Applications/Firefox.app/Contents/MacOS/firefox-bin" "--marionette" "-foreground" "-no-remote" "-profile" "/var/folders/cr/9w5017_s4c3058kgc4407mq80000gn/T/rust_mozprofiletrfF4t"
console.error: SearchCache: "_readCacheFile: Error reading cache file:" (new Error("", "(unknown module)"))
1601544835345	Marionette	INFO	Listening on port 51195
1601544835376	Marionette	WARN	TLS certificate errors will be ignored for this session
JavaScript error: resource://gre/modules/URIFixup.jsm, line 271: NS_ERROR_FAILURE: Should pass a non-null uri
JavaScript error: https://services.ecourts.gov.in/ecourtindia_v4_bilingual/cases/s_orderdate.php?state=D&state_cd=26&dist_cd=8, line 609: TypeError: parent.document.getElementById(...) is null
JavaScript error: https://services.ecourts.gov.in/ecourtindia_v4_bilingual/cases/s_orderdate.php?state=D&state_cd=26&dist_cd=8, line 638: TypeError: parent.document.getElementById(...) is null
JavaScript error: https://services.ecourts.gov.in/ecourtindia_v4_bilingual/cases/s_orderdate.php?state=D&state_cd=26&dist_cd=8, line 1: ReferenceError: funCourtEstChange is not defined
1601544856429	Marionette	INFO	Stopped listening on port 51195

###!!! [Child][RunMessage] Error: Channel closing: too late to send/recv, messages will be lost

1601545204995	geckodriver	INFO	Listening on 127.0.0.1:51355
1601545205009	mozrunner::runner	INFO	Running command: "/Applications/Firefox.app/Contents/MacOS/firefox-bin" "--marionette" "-foreground" "-no-remote" "-profile" "/var/folders/cr/9w5017_s4c3058kgc4407mq80000gn/T/rust_mozprofileaj9CBn"
console.error: SearchCache: "_readCacheFile: Error reading cache file:" (new Error("", "(unknown module)"))
1601545208294	Marionette	INFO	Listening on port 51364
1601545208332	Marionette	WARN	TLS certificate errors will be ignored for this session
JavaScript error: resource://gre/modules/URIFixup.jsm, line 271: NS_ERROR_FAILURE: Should pass a non-null uri
JavaScript error: https://services.ecourts.gov.in/ecourtindia_v4_bilingual/cases/s_orderdate.php?state=D&state_cd=26&dist_cd=8, line 609: TypeError: parent.document.getElementById(...) is null
JavaScript error: https://services.ecourts.gov.in/ecourtindia_v4_bilingual/cases/s_orderdate.php?state=D&state_cd=26&dist_cd=8, line 638: TypeError: parent.document.getElementById(...) is null
JavaScript error: https://services.ecourts.gov.in/ecourtindia_v4_bilingual/cases/s_orderdate.php?state=D&state_cd=26&dist_cd=8, line 1: ReferenceError: funCourtEstChange is not defined
JavaScript error: https://services.ecourts.gov.in/ecourtindia_v4_bilingual/cases/s_orderdate.php?state=D&state_cd=26&dist_cd=8, line 1: ReferenceError: clearCaptchaText is not defined
JavaScript error: https://services.ecourts.gov.in/ecourtindia_v4_bilingual/cases/s_orderdate.php?state=D&state_cd=26&dist_cd=8, line 1: ReferenceError: clearCaptchaText is not defined
JavaScript error: https://services.ecourts.gov.in/ecourtindia_v4_bilingual/cases/s_orderdate.php?state=D&state_cd=26&dist_cd=8, line 1: ReferenceError: clearCaptchaText is not defined
JavaScript error: https://services.ecourts.gov.in/ecourtindia_v4_bilingual/cases/s_orderdate.php?state=D&state_cd=26&dist_cd=8, line 1: ReferenceError: clearCaptchaText is not defined
JavaScript error: https://services.ecourts.gov.in/ecourtindia_v4_bilingual/cases/s_orderdate.php?state=D&state_cd=26&dist_cd=8, line 1: ReferenceError: clearCaptchaText is not defined
1601545250451	Marionette	INFO	Stopped listening on port 51364
1601545269351	geckodriver	INFO	Listening on 127.0.0.1:51440
1601545269367	mozrunner::runner	INFO	Running command: "/Applications/Firefox.app/Contents/MacOS/firefox-bin" "--marionette" "-foreground" "-no-remote" "-profile" "/var/folders/cr/9w5017_s4c3058kgc4407mq80000gn/T/rust_mozprofilep1W82R"
console.error: SearchCache: "_readCacheFile: Error reading cache file:" (new Error("", "(unknown module)"))
1601545272404	Marionette	INFO	Listening on port 51449
1601545272505	Marionette	WARN	TLS certificate errors will be ignored for this session
JavaScript error: resource://gre/modules/URIFixup.jsm, line 271: NS_ERROR_FAILURE: Should pass a non-null uri
JavaScript error: https://services.ecourts.gov.in/ecourtindia_v4_bilingual/cases/s_orderdate.php?state=D&state_cd=26&dist_cd=8, line 609: TypeError: parent.document.getElementById(...) is null
JavaScript error: https://services.ecourts.gov.in/ecourtindia_v4_bilingual/cases/s_orderdate.php?state=D&state_cd=26&dist_cd=8, line 638: TypeError: parent.document.getElementById(...) is null
JavaScript error: https://services.ecourts.gov.in/ecourtindia_v4_bilingual/cases/s_orderdate.php?state=D&state_cd=26&dist_cd=8, line 1: ReferenceError: funCourtEstChange is not defined
1601545292018	Marionette	INFO	Stopped listening on port 51449
1601545338109	geckodriver	INFO	Listening on 127.0.0.1:51521
1601545339127	mozrunner::runner	INFO	Running command: "/Applications/Firefox.app/Contents/MacOS/firefox-bin" "--marionette" "-foreground" "-no-remote" "-profile" "/var/folders/cr/9w5017_s4c3058kgc4407mq80000gn/T/rust_mozprofileQ6TgeE"
console.error: SearchCache: "_readCacheFile: Error reading cache file:" (new Error("", "(unknown module)"))
1601545342479	Marionette	INFO	Listening on port 51532
1601545342732	Marionette	WARN	TLS certificate errors will be ignored for this session
JavaScript error: resource://gre/modules/URIFixup.jsm, line 271: NS_ERROR_FAILURE: Should pass a non-null uri
JavaScript error: https://services.ecourts.gov.in/ecourtindia_v4_bilingual/cases/s_orderdate.php?state=D&state_cd=26&dist_cd=8, line 609: TypeError: parent.document.getElementById(...) is null
JavaScript error: https://services.ecourts.gov.in/ecourtindia_v4_bilingual/cases/s_orderdate.php?state=D&state_cd=26&dist_cd=8, line 638: TypeError: parent.document.getElementById(...) is null
JavaScript error: https://services.ecourts.gov.in/ecourtindia_v4_bilingual/cases/s_orderdate.php?state=D&state_cd=26&dist_cd=8, line 1: ReferenceError: clearCaptchaText is not defined
JavaScript error: https://services.ecourts.gov.in/ecourtindia_v4_bilingual/cases/s_orderdate.php?state=D&state_cd=26&dist_cd=8, line 1: ReferenceError: clearCaptchaText is not defined
JavaScript error: https://services.ecourts.gov.in/ecourtindia_v4_bilingual/cases/s_orderdate.php?state=D&state_cd=26&dist_cd=8, line 1: ReferenceError: clearCaptchaText is not defined
JavaScript error: https://services.ecourts.gov.in/ecourtindia_v4_bilingual/cases/s_orderdate.php?state=D&state_cd=26&dist_cd=8, line 1: ReferenceError: clearCaptchaText is not defined
JavaScript error: https://services.ecourts.gov.in/ecourtindia_v4_bilingual/cases/s_orderdate.php?state=D&state_cd=26&dist_cd=8, line 1: ReferenceError: clearCaptchaText is not defined
JavaScript error: https://services.ecourts.gov.in/ecourtindia_v4_bilingual/cases/s_orderdate.php?state=D&state_cd=26&dist_cd=8, line 1: ReferenceError: clearCaptchaText is not defined
JavaScript error: https://services.ecourts.gov.in/ecourtindia_v4_bilingual/cases/s_orderdate.php?state=D&state_cd=26&dist_cd=8, line 1: ReferenceError: clearCaptchaText is not defined
JavaScript error: https://services.ecourts.gov.in/ecourtindia_v4_bilingual/cases/s_orderdate.php?state=D&state_cd=26&dist_cd=8, line 1: ReferenceError: clearCaptchaText is not defined
JavaScript error: https://services.ecourts.gov.in/ecourtindia_v4_bilingual/cases/s_orderdate.php?state=D&state_cd=26&dist_cd=8, line 1: ReferenceError: clearCaptchaText is not defined
JavaScript error: https://services.ecourts.gov.in/ecourtindia_v4_bilingual/cases/s_orderdate.php?state=D&state_cd=26&dist_cd=8, line 1: ReferenceError: clearCaptchaText is not defined
1601545366249	Marionette	INFO	Stopped listening on port 51532
1601545503952	geckodriver	INFO	Listening on 127.0.0.1:51631
1601545504972	mozrunner::runner	INFO	Running command: "/Applications/Firefox.app/Contents/MacOS/firefox-bin" "--marionette" "-foreground" "-no-remote" "-profile" "/var/folders/cr/9w5017_s4c3058kgc4407mq80000gn/T/rust_mozprofile2sCNQh"
console.error: SearchCache: "_readCacheFile: Error reading cache file:" (new Error("", "(unknown module)"))
1601545508185	Marionette	INFO	Listening on port 51643
1601545508288	Marionette	WARN	TLS certificate errors will be ignored for this session
JavaScript error: resource://gre/modules/URIFixup.jsm, line 271: NS_ERROR_FAILURE: Should pass a non-null uri
JavaScript error: https://services.ecourts.gov.in/ecourtindia_v4_bilingual/cases/s_orderdate.php?state=D&state_cd=26&dist_cd=8, line 609: TypeError: parent.document.getElementById(...) is null
JavaScript error: https://services.ecourts.gov.in/ecourtindia_v4_bilingual/cases/s_orderdate.php?state=D&state_cd=26&dist_cd=8, line 638: TypeError: parent.document.getElementById(...) is null
JavaScript error: https://services.ecourts.gov.in/ecourtindia_v4_bilingual/cases/s_orderdate.php?state=D&state_cd=26&dist_cd=8, line 1: ReferenceError: clearCaptchaText is not defined
JavaScript error: https://services.ecourts.gov.in/ecourtindia_v4_bilingual/cases/s_orderdate.php?state=D&state_cd=26&dist_cd=8, line 1: ReferenceError: clearCaptchaText is not defined
JavaScript error: https://services.ecourts.gov.in/ecourtindia_v4_bilingual/cases/s_orderdate.php?state=D&state_cd=26&dist_cd=8, line 1: ReferenceError: clearCaptchaText is not defined
JavaScript error: https://services.ecourts.gov.in/ecourtindia_v4_bilingual/cases/s_orderdate.php?state=D&state_cd=26&dist_cd=8, line 1: ReferenceError: clearCaptchaText is not defined
JavaScript error: https://services.ecourts.gov.in/ecourtindia_v4_bilingual/cases/s_orderdate.php?state=D&state_cd=26&dist_cd=8, line 1: ReferenceError: clearCaptchaText is not defined
JavaScript error: https://services.ecourts.gov.in/ecourtindia_v4_bilingual/cases/s_orderdate.php?state=D&state_cd=26&dist_cd=8, line 1: ReferenceError: clearCaptchaText is not defined
JavaScript error: https://services.ecourts.gov.in/ecourtindia_v4_bilingual/cases/s_orderdate.php?state=D&state_cd=26&dist_cd=8, line 1: ReferenceError: clearCaptchaText is not defined
JavaScript error: https://services.ecourts.gov.in/ecourtindia_v4_bilingual/cases/s_orderdate.php?state=D&state_cd=26&dist_cd=8, line 1: ReferenceError: clearCaptchaText is not defined
JavaScript error: https://services.ecourts.gov.in/ecourtindia_v4_bilingual/cases/s_orderdate.php?state=D&state_cd=26&dist_cd=8, line 1: ReferenceError: clearCaptchaText is not defined
JavaScript error: https://services.ecourts.gov.in/ecourtindia_v4_bilingual/cases/s_orderdate.php?state=D&state_cd=26&dist_cd=8, line 1: ReferenceError: clearCaptchaText is not defined
1601545521978	Marionette	INFO	Stopped listening on port 51643
1601545647469	geckodriver	INFO	Listening on 127.0.0.1:51735
1601545648484	mozrunner::runner	INFO	Running command: "/Applications/Firefox.app/Contents/MacOS/firefox-bin" "--marionette" "-foreground" "-no-remote" "-profile" "/var/folders/cr/9w5017_s4c3058kgc4407mq80000gn/T/rust_mozprofileeokjvV"
console.error: SearchCache: "_readCacheFile: Error reading cache file:" (new Error("", "(unknown module)"))
1601545652319	Marionette	INFO	Listening on port 51746
1601545652420	Marionette	WARN	TLS certificate errors will be ignored for this session
JavaScript error: resource://gre/modules/URIFixup.jsm, line 271: NS_ERROR_FAILURE: Should pass a non-null uri
JavaScript error: https://services.ecourts.gov.in/ecourtindia_v4_bilingual/cases/s_orderdate.php?state=D&state_cd=26&dist_cd=8, line 609: TypeError: parent.document.getElementById(...) is null
JavaScript error: https://services.ecourts.gov.in/ecourtindia_v4_bilingual/cases/s_orderdate.php?state=D&state_cd=26&dist_cd=8, line 638: TypeError: parent.document.getElementById(...) is null
JavaScript error: https://services.ecourts.gov.in/ecourtindia_v4_bilingual/cases/s_orderdate.php?state=D&state_cd=26&dist_cd=8, line 1: ReferenceError: funCourtEstChange is not defined
1601545671885	Marionette	INFO	Stopped listening on port 51746
1601546597300	geckodriver	INFO	Listening on 127.0.0.1:51990
1601546597313	mozrunner::runner	INFO	Running command: "/Applications/Firefox.app/Contents/MacOS/firefox-bin" "--marionette" "-foreground" "-no-remote" "-profile" "/var/folders/cr/9w5017_s4c3058kgc4407mq80000gn/T/rust_mozprofilezWdzE8"
console.error: SearchCache: "_readCacheFile: Error reading cache file:" (new Error("", "(unknown module)"))
1601546602453	Marionette	INFO	Listening on port 51999
1601546602581	Marionette	WARN	TLS certificate errors will be ignored for this session
JavaScript error: resource://gre/modules/URIFixup.jsm, line 271: NS_ERROR_FAILURE: Should pass a non-null uri
JavaScript error: https://services.ecourts.gov.in/ecourtindia_v4_bilingual/cases/s_orderdate.php?state=D&state_cd=26&dist_cd=3, line 609: TypeError: parent.document.getElementById(...) is null
JavaScript error: https://services.ecourts.gov.in/ecourtindia_v4_bilingual/cases/s_orderdate.php?state=D&state_cd=26&dist_cd=3, line 638: TypeError: parent.document.getElementById(...) is null
JavaScript error: https://services.ecourts.gov.in/ecourtindia_v4_bilingual/cases/s_orderdate.php?state=D&state_cd=26&dist_cd=3, line 1: ReferenceError: funCourtEstChange is not defined
JavaScript error: https://services.ecourts.gov.in/ecourtindia_v4_bilingual/cases/s_orderdate.php?state=D&state_cd=26&dist_cd=3, line 1: ReferenceError: clearCaptchaText is not defined
JavaScript error: https://services.ecourts.gov.in/ecourtindia_v4_bilingual/cases/s_orderdate.php?state=D&state_cd=26&dist_cd=3, line 1: ReferenceError: clearCaptchaText is not defined
JavaScript error: https://services.ecourts.gov.in/ecourtindia_v4_bilingual/cases/s_orderdate.php?state=D&state_cd=26&dist_cd=3, line 1: ReferenceError: clearCaptchaText is not defined
JavaScript error: https://services.ecourts.gov.in/ecourtindia_v4_bilingual/cases/s_orderdate.php?state=D&state_cd=26&dist_cd=3, line 1: ReferenceError: clearCaptchaText is not defined
JavaScript error: https://services.ecourts.gov.in/ecourtindia_v4_bilingual/cases/s_orderdate.php?state=D&state_cd=26&dist_cd=3, line 1: ReferenceError: clearCaptchaText is not defined
JavaScript error: https://services.ecourts.gov.in/ecourtindia_v4_bilingual/cases/s_orderdate.php?state=D&state_cd=26&dist_cd=3, line 1: ReferenceError: clearCaptchaText is not defined
JavaScript error: https://services.ecourts.gov.in/ecourtindia_v4_bilingual/cases/s_orderdate.php?state=D&state_cd=26&dist_cd=3, line 1: ReferenceError: clearCaptchaText is not defined
1601546631876	Marionette	INFO	Stopped listening on port 51999
1601546677662	geckodriver	INFO	Listening on 127.0.0.1:52100
1601546678687	mozrunner::runner	INFO	Running command: "/Applications/Firefox.app/Contents/MacOS/firefox-bin" "--marionette" "-foreground" "-no-remote" "-profile" "/var/folders/cr/9w5017_s4c3058kgc4407mq80000gn/T/rust_mozprofilekV1b3Z"
console.error: SearchCache: "_readCacheFile: Error reading cache file:" (new Error("", "(unknown module)"))
1601546682184	Marionette	INFO	Listening on port 52111
1601546682288	Marionette	WARN	TLS certificate errors will be ignored for this session
JavaScript error: resource://gre/modules/URIFixup.jsm, line 271: NS_ERROR_FAILURE: Should pass a non-null uri
JavaScript error: https://services.ecourts.gov.in/ecourtindia_v4_bilingual/cases/s_orderdate.php?state=D&state_cd=26&dist_cd=3, line 609: TypeError: parent.document.getElementById(...) is null
JavaScript error: https://services.ecourts.gov.in/ecourtindia_v4_bilingual/cases/s_orderdate.php?state=D&state_cd=26&dist_cd=3, line 638: TypeError: parent.document.getElementById(...) is null
JavaScript error: https://services.ecourts.gov.in/ecourtindia_v4_bilingual/cases/s_orderdate.php?state=D&state_cd=26&dist_cd=3, line 1: ReferenceError: funCourtEstChange is not defined
JavaScript error: https://services.ecourts.gov.in/ecourtindia_v4_bilingual/cases/s_orderdate.php?state=D&state_cd=26&dist_cd=3, line 1: ReferenceError: clearCaptchaText is not defined
JavaScript error: https://services.ecourts.gov.in/ecourtindia_v4_bilingual/cases/s_orderdate.php?state=D&state_cd=26&dist_cd=3, line 1: ReferenceError: clearCaptchaText is not defined
JavaScript error: https://services.ecourts.gov.in/ecourtindia_v4_bilingual/cases/s_orderdate.php?state=D&state_cd=26&dist_cd=3, line 1: ReferenceError: clearCaptchaText is not defined
1601546722582	Marionette	INFO	Stopped listening on port 52111
1601546799943	geckodriver	INFO	Listening on 127.0.0.1:52197
1601546800966	mozrunner::runner	INFO	Running command: "/Applications/Firefox.app/Contents/MacOS/firefox-bin" "--marionette" "-foreground" "-no-remote" "-profile" "/var/folders/cr/9w5017_s4c3058kgc4407mq80000gn/T/rust_mozprofile8DuR5l"
console.error: SearchCache: "_readCacheFile: Error reading cache file:" (new Error("", "(unknown module)"))
1601546804214	Marionette	INFO	Listening on port 52208
1601546804310	Marionette	WARN	TLS certificate errors will be ignored for this session
JavaScript error: resource://gre/modules/URIFixup.jsm, line 271: NS_ERROR_FAILURE: Should pass a non-null uri
JavaScript error: https://services.ecourts.gov.in/ecourtindia_v4_bilingual/cases/s_orderdate.php?state=D&state_cd=26&dist_cd=3, line 609: TypeError: parent.document.getElementById(...) is null
JavaScript error: https://services.ecourts.gov.in/ecourtindia_v4_bilingual/cases/s_orderdate.php?state=D&state_cd=26&dist_cd=3, line 638: TypeError: parent.document.getElementById(...) is null
JavaScript error: https://services.ecourts.gov.in/ecourtindia_v4_bilingual/cases/s_orderdate.php?state=D&state_cd=26&dist_cd=3, line 1: ReferenceError: funCourtEstChange is not defined
JavaScript error: https://services.ecourts.gov.in/ecourtindia_v4_bilingual/cases/s_orderdate.php?state=D&state_cd=26&dist_cd=3, line 1: ReferenceError: clearCaptchaText is not defined
JavaScript error: https://services.ecourts.gov.in/ecourtindia_v4_bilingual/cases/s_orderdate.php?state=D&state_cd=26&dist_cd=3, line 1: ReferenceError: clearCaptchaText is not defined
JavaScript error: https://services.ecourts.gov.in/ecourtindia_v4_bilingual/cases/s_orderdate.php?state=D&state_cd=26&dist_cd=3, line 1: ReferenceError: clearCaptchaText is not defined
JavaScript error: https://services.ecourts.gov.in/ecourtindia_v4_bilingual/cases/s_orderdate.php?state=D&state_cd=26&dist_cd=3, line 1: ReferenceError: clearCaptchaText is not defined
JavaScript error: https://services.ecourts.gov.in/ecourtindia_v4_bilingual/cases/s_orderdate.php?state=D&state_cd=26&dist_cd=3, line 1: ReferenceError: clearCaptchaText is not defined
JavaScript error: https://services.ecourts.gov.in/ecourtindia_v4_bilingual/cases/s_orderdate.php?state=D&state_cd=26&dist_cd=3, line 1: ReferenceError: clearCaptchaText is not defined
JavaScript error: https://services.ecourts.gov.in/ecourtindia_v4_bilingual/cases/s_orderdate.php?state=D&state_cd=26&dist_cd=3, line 1: ReferenceError: clearCaptchaText is not defined
JavaScript error: https://services.ecourts.gov.in/ecourtindia_v4_bilingual/cases/s_orderdate.php?state=D&state_cd=26&dist_cd=3, line 1: ReferenceError: clearCaptchaText is not defined
JavaScript error: https://services.ecourts.gov.in/ecourtindia_v4_bilingual/cases/s_orderdate.php?state=D&state_cd=26&dist_cd=3, line 1: ReferenceError: clearCaptchaText is not defined
JavaScript error: https://services.ecourts.gov.in/ecourtindia_v4_bilingual/cases/s_orderdate.php?state=D&state_cd=26&dist_cd=3, line 1: ReferenceError: clearCaptchaText is not defined
1601546837731	Marionette	INFO	Stopped listening on port 52208
1601546859675	geckodriver	INFO	Listening on 127.0.0.1:52286
1601546860689	mozrunner::runner	INFO	Running command: "/Applications/Firefox.app/Contents/MacOS/firefox-bin" "--marionette" "-foreground" "-no-remote" "-profile" "/var/folders/cr/9w5017_s4c3058kgc4407mq80000gn/T/rust_mozprofilejPTGyC"
console.error: SearchCache: "_readCacheFile: Error reading cache file:" (new Error("", "(unknown module)"))
1601546863965	Marionette	INFO	Listening on port 52297
1601546864000	Marionette	WARN	TLS certificate errors will be ignored for this session
JavaScript error: resource://gre/modules/URIFixup.jsm, line 271: NS_ERROR_FAILURE: Should pass a non-null uri
JavaScript error: https://services.ecourts.gov.in/ecourtindia_v4_bilingual/cases/s_orderdate.php?state=D&state_cd=26&dist_cd=3, line 609: TypeError: parent.document.getElementById(...) is null
JavaScript error: https://services.ecourts.gov.in/ecourtindia_v4_bilingual/cases/s_orderdate.php?state=D&state_cd=26&dist_cd=3, line 638: TypeError: parent.document.getElementById(...) is null
JavaScript error: https://services.ecourts.gov.in/ecourtindia_v4_bilingual/cases/s_orderdate.php?state=D&state_cd=26&dist_cd=3, line 1: ReferenceError: funCourtEstChange is not defined
JavaScript error: https://services.ecourts.gov.in/ecourtindia_v4_bilingual/cases/s_orderdate.php?state=D&state_cd=26&dist_cd=3, line 1: ReferenceError: clearCaptchaText is not defined
JavaScript error: https://services.ecourts.gov.in/ecourtindia_v4_bilingual/cases/s_orderdate.php?state=D&state_cd=26&dist_cd=3, line 1: ReferenceError: clearCaptchaText is not defined
JavaScript error: https://services.ecourts.gov.in/ecourtindia_v4_bilingual/cases/s_orderdate.php?state=D&state_cd=26&dist_cd=3, line 1: ReferenceError: clearCaptchaText is not defined
JavaScript error: https://services.ecourts.gov.in/ecourtindia_v4_bilingual/cases/s_orderdate.php?state=D&state_cd=26&dist_cd=3, line 1: ReferenceError: clearCaptchaText is not defined
JavaScript error: https://services.ecourts.gov.in/ecourtindia_v4_bilingual/cases/s_orderdate.php?state=D&state_cd=26&dist_cd=3, line 1: ReferenceError: clearCaptchaText is not defined
JavaScript error: https://services.ecourts.gov.in/ecourtindia_v4_bilingual/cases/s_orderdate.php?state=D&state_cd=26&dist_cd=3, line 1: ReferenceError: clearCaptchaText is not defined
JavaScript error: https://services.ecourts.gov.in/ecourtindia_v4_bilingual/cases/s_orderdate.php?state=D&state_cd=26&dist_cd=3, line 1: ReferenceError: clearCaptchaText is not defined
JavaScript error: https://services.ecourts.gov.in/ecourtindia_v4_bilingual/cases/s_orderdate.php?state=D&state_cd=26&dist_cd=3, line 1: ReferenceError: clearCaptchaText is not defined
JavaScript error: https://services.ecourts.gov.in/ecourtindia_v4_bilingual/cases/s_orderdate.php?state=D&state_cd=26&dist_cd=3, line 1: ReferenceError: clearCaptchaText is not defined
JavaScript error: https://services.ecourts.gov.in/ecourtindia_v4_bilingual/cases/s_orderdate.php?state=D&state_cd=26&dist_cd=3, line 1: ReferenceError: clearCaptchaText is not defined
1601546897062	Marionette	INFO	Stopped listening on port 52297
1601546980313	geckodriver	INFO	Listening on 127.0.0.1:52377
1601546980334	mozrunner::runner	INFO	Running command: "/Applications/Firefox.app/Contents/MacOS/firefox-bin" "--marionette" "-foreground" "-no-remote" "-profile" "/var/folders/cr/9w5017_s4c3058kgc4407mq80000gn/T/rust_mozprofileEF233s"
console.error: SearchCache: "_readCacheFile: Error reading cache file:" (new Error("", "(unknown module)"))
1601546983811	Marionette	INFO	Listening on port 52386
1601546983833	Marionette	WARN	TLS certificate errors will be ignored for this session
JavaScript error: resource://gre/modules/URIFixup.jsm, line 271: NS_ERROR_FAILURE: Should pass a non-null uri
JavaScript error: https://services.ecourts.gov.in/ecourtindia_v4_bilingual/cases/s_orderdate.php?state=D&state_cd=26&dist_cd=3, line 609: TypeError: parent.document.getElementById(...) is null
JavaScript error: https://services.ecourts.gov.in/ecourtindia_v4_bilingual/cases/s_orderdate.php?state=D&state_cd=26&dist_cd=3, line 638: TypeError: parent.document.getElementById(...) is null
JavaScript error: https://services.ecourts.gov.in/ecourtindia_v4_bilingual/cases/s_orderdate.php?state=D&state_cd=26&dist_cd=3, line 1: ReferenceError: funCourtEstChange is not defined
JavaScript error: https://services.ecourts.gov.in/ecourtindia_v4_bilingual/cases/s_orderdate.php?state=D&state_cd=26&dist_cd=3, line 1: ReferenceError: clearCaptchaText is not defined
JavaScript error: https://services.ecourts.gov.in/ecourtindia_v4_bilingual/cases/s_orderdate.php?state=D&state_cd=26&dist_cd=3, line 1: ReferenceError: clearCaptchaText is not defined
JavaScript error: https://services.ecourts.gov.in/ecourtindia_v4_bilingual/cases/s_orderdate.php?state=D&state_cd=26&dist_cd=3, line 1: ReferenceError: clearCaptchaText is not defined
JavaScript error: https://services.ecourts.gov.in/ecourtindia_v4_bilingual/cases/s_orderdate.php?state=D&state_cd=26&dist_cd=3, line 1: ReferenceError: clearCaptchaText is not defined
JavaScript error: https://services.ecourts.gov.in/ecourtindia_v4_bilingual/cases/s_orderdate.php?state=D&state_cd=26&dist_cd=3, line 1: ReferenceError: clearCaptchaText is not defined
JavaScript error: https://services.ecourts.gov.in/ecourtindia_v4_bilingual/cases/s_orderdate.php?state=D&state_cd=26&dist_cd=3, line 1: ReferenceError: clearCaptchaText is not defined
JavaScript error: https://services.ecourts.gov.in/ecourtindia_v4_bilingual/cases/s_orderdate.php?state=D&state_cd=26&dist_cd=3, line 1: ReferenceError: clearCaptchaText is not defined
JavaScript error: https://services.ecourts.gov.in/ecourtindia_v4_bilingual/cases/s_orderdate.php?state=D&state_cd=26&dist_cd=3, line 1: ReferenceError: clearCaptchaText is not defined
JavaScript error: https://services.ecourts.gov.in/ecourtindia_v4_bilingual/cases/s_orderdate.php?state=D&state_cd=26&dist_cd=3, line 1: ReferenceError: clearCaptchaText is not defined
JavaScript error: https://services.ecourts.gov.in/ecourtindia_v4_bilingual/cases/s_orderdate.php?state=D&state_cd=26&dist_cd=3, line 1: ReferenceError: clearCaptchaText is not defined
1601547019242	Marionette	INFO	Stopped listening on port 52386
1601547111853	geckodriver	INFO	Listening on 127.0.0.1:52483
1601547111866	mozrunner::runner	INFO	Running command: "/Applications/Firefox.app/Contents/MacOS/firefox-bin" "--marionette" "-foreground" "-no-remote" "-profile" "/var/folders/cr/9w5017_s4c3058kgc4407mq80000gn/T/rust_mozprofile1zoUw9"
console.error: SearchCache: "_readCacheFile: Error reading cache file:" (new Error("", "(unknown module)"))
1601547115000	Marionette	INFO	Listening on port 52492
1601547115061	Marionette	WARN	TLS certificate errors will be ignored for this session
JavaScript error: resource://gre/modules/URIFixup.jsm, line 271: NS_ERROR_FAILURE: Should pass a non-null uri
JavaScript error: https://services.ecourts.gov.in/ecourtindia_v4_bilingual/cases/s_orderdate.php?state=D&state_cd=26&dist_cd=3, line 609: TypeError: parent.document.getElementById(...) is null
JavaScript error: https://services.ecourts.gov.in/ecourtindia_v4_bilingual/cases/s_orderdate.php?state=D&state_cd=26&dist_cd=3, line 638: TypeError: parent.document.getElementById(...) is null
JavaScript error: https://services.ecourts.gov.in/ecourtindia_v4_bilingual/cases/s_orderdate.php?state=D&state_cd=26&dist_cd=3, line 1: ReferenceError: funCourtEstChange is not defined
JavaScript error: https://services.ecourts.gov.in/ecourtindia_v4_bilingual/cases/s_orderdate.php?state=D&state_cd=26&dist_cd=3, line 1: ReferenceError: clearCaptchaText is not defined
JavaScript error: https://services.ecourts.gov.in/ecourtindia_v4_bilingual/cases/s_orderdate.php?state=D&state_cd=26&dist_cd=3, line 1: ReferenceError: clearCaptchaText is not defined
JavaScript error: https://services.ecourts.gov.in/ecourtindia_v4_bilingual/cases/s_orderdate.php?state=D&state_cd=26&dist_cd=3, line 1: ReferenceError: clearCaptchaText is not defined
JavaScript error: https://services.ecourts.gov.in/ecourtindia_v4_bilingual/cases/s_orderdate.php?state=D&state_cd=26&dist_cd=3, line 1: ReferenceError: clearCaptchaText is not defined
JavaScript error: https://services.ecourts.gov.in/ecourtindia_v4_bilingual/cases/s_orderdate.php?state=D&state_cd=26&dist_cd=3, line 1: ReferenceError: clearCaptchaText is not defined
JavaScript error: https://services.ecourts.gov.in/ecourtindia_v4_bilingual/cases/s_orderdate.php?state=D&state_cd=26&dist_cd=3, line 1: ReferenceError: clearCaptchaText is not defined
1601547150149	Marionette	INFO	Stopped listening on port 52492
1601547385165	geckodriver	INFO	Listening on 127.0.0.1:52634
1601547385180	mozrunner::runner	INFO	Running command: "/Applications/Firefox.app/Contents/MacOS/firefox-bin" "--marionette" "-foreground" "-no-remote" "-profile" "/var/folders/cr/9w5017_s4c3058kgc4407mq80000gn/T/rust_mozprofileWS06ez"
console.error: SearchCache: "_readCacheFile: Error reading cache file:" (new Error("", "(unknown module)"))
1601547388517	Marionette	INFO	Listening on port 52643
1601547388537	Marionette	WARN	TLS certificate errors will be ignored for this session
JavaScript error: resource://gre/modules/URIFixup.jsm, line 271: NS_ERROR_FAILURE: Should pass a non-null uri
JavaScript error: https://services.ecourts.gov.in/ecourtindia_v4_bilingual/cases/s_orderdate.php?state=D&state_cd=26&dist_cd=7, line 609: TypeError: parent.document.getElementById(...) is null
JavaScript error: https://services.ecourts.gov.in/ecourtindia_v4_bilingual/cases/s_orderdate.php?state=D&state_cd=26&dist_cd=7, line 638: TypeError: parent.document.getElementById(...) is null
JavaScript error: https://services.ecourts.gov.in/ecourtindia_v4_bilingual/cases/s_orderdate.php?state=D&state_cd=26&dist_cd=7, line 1: ReferenceError: funCourtEstChange is not defined
JavaScript error: https://services.ecourts.gov.in/ecourtindia_v4_bilingual/cases/s_orderdate.php?state=D&state_cd=26&dist_cd=7, line 1: ReferenceError: clearCaptchaText is not defined
JavaScript error: https://services.ecourts.gov.in/ecourtindia_v4_bilingual/cases/s_orderdate.php?state=D&state_cd=26&dist_cd=7, line 1: ReferenceError: clearCaptchaText is not defined
JavaScript error: https://services.ecourts.gov.in/ecourtindia_v4_bilingual/cases/s_orderdate.php?state=D&state_cd=26&dist_cd=7, line 1: ReferenceError: clearCaptchaText is not defined
1601547423248	Marionette	INFO	Stopped listening on port 52643
1601547457192	geckodriver	INFO	Listening on 127.0.0.1:52715
1601547458212	mozrunner::runner	INFO	Running command: "/Applications/Firefox.app/Contents/MacOS/firefox-bin" "--marionette" "-foreground" "-no-remote" "-profile" "/var/folders/cr/9w5017_s4c3058kgc4407mq80000gn/T/rust_mozprofilezYa9s4"
console.error: SearchCache: "_readCacheFile: Error reading cache file:" (new Error("", "(unknown module)"))
1601547461821	Marionette	INFO	Listening on port 52726
1601547461904	Marionette	WARN	TLS certificate errors will be ignored for this session
JavaScript error: resource://gre/modules/URIFixup.jsm, line 271: NS_ERROR_FAILURE: Should pass a non-null uri
JavaScript error: https://services.ecourts.gov.in/ecourtindia_v4_bilingual/cases/s_orderdate.php?state=D&state_cd=26&dist_cd=7, line 609: TypeError: parent.document.getElementById(...) is null
JavaScript error: https://services.ecourts.gov.in/ecourtindia_v4_bilingual/cases/s_orderdate.php?state=D&state_cd=26&dist_cd=7, line 638: TypeError: parent.document.getElementById(...) is null
JavaScript error: https://services.ecourts.gov.in/ecourtindia_v4_bilingual/cases/s_orderdate.php?state=D&state_cd=26&dist_cd=7, line 1: ReferenceError: funCourtEstChange is not defined
JavaScript error: https://services.ecourts.gov.in/ecourtindia_v4_bilingual/cases/s_orderdate.php?state=D&state_cd=26&dist_cd=7, line 1: ReferenceError: clearCaptchaText is not defined
1601547491279	Marionette	INFO	Stopped listening on port 52726
1601547721725	geckodriver	INFO	Listening on 127.0.0.1:52855
1601547722739	mozrunner::runner	INFO	Running command: "/Applications/Firefox.app/Contents/MacOS/firefox-bin" "--marionette" "-foreground" "-no-remote" "-profile" "/var/folders/cr/9w5017_s4c3058kgc4407mq80000gn/T/rust_mozprofileK8jyOH"
console.error: SearchCache: "_readCacheFile: Error reading cache file:" (new Error("", "(unknown module)"))
1601547726433	Marionette	INFO	Listening on port 52866
1601547726548	Marionette	WARN	TLS certificate errors will be ignored for this session
JavaScript error: resource://gre/modules/URIFixup.jsm, line 271: NS_ERROR_FAILURE: Should pass a non-null uri
JavaScript error: https://services.ecourts.gov.in/ecourtindia_v4_bilingual/cases/s_orderdate.php?state=D&state_cd=26&dist_cd=4, line 609: TypeError: parent.document.getElementById(...) is null
JavaScript error: https://services.ecourts.gov.in/ecourtindia_v4_bilingual/cases/s_orderdate.php?state=D&state_cd=26&dist_cd=4, line 638: TypeError: parent.document.getElementById(...) is null
JavaScript error: https://services.ecourts.gov.in/ecourtindia_v4_bilingual/cases/s_orderdate.php?state=D&state_cd=26&dist_cd=4, line 1: ReferenceError: funCourtEstChange is not defined
JavaScript error: https://services.ecourts.gov.in/ecourtindia_v4_bilingual/cases/s_orderdate.php?state=D&state_cd=26&dist_cd=4, line 1: ReferenceError: clearCaptchaText is not defined
JavaScript error: https://services.ecourts.gov.in/ecourtindia_v4_bilingual/cases/s_orderdate.php?state=D&state_cd=26&dist_cd=4, line 1: ReferenceError: clearCaptchaText is not defined
JavaScript error: https://services.ecourts.gov.in/ecourtindia_v4_bilingual/cases/s_orderdate.php?state=D&state_cd=26&dist_cd=4, line 1: ReferenceError: clearCaptchaText is not defined
JavaScript error: https://services.ecourts.gov.in/ecourtindia_v4_bilingual/cases/s_orderdate.php?state=D&state_cd=26&dist_cd=4, line 1: ReferenceError: clearCaptchaText is not defined
JavaScript error: https://services.ecourts.gov.in/ecourtindia_v4_bilingual/cases/s_orderdate.php?state=D&state_cd=26&dist_cd=4, line 1: ReferenceError: clearCaptchaText is not defined
JavaScript error: https://services.ecourts.gov.in/ecourtindia_v4_bilingual/cases/s_orderdate.php?state=D&state_cd=26&dist_cd=4, line 1: ReferenceError: clearCaptchaText is not defined
JavaScript error: https://services.ecourts.gov.in/ecourtindia_v4_bilingual/cases/s_orderdate.php?state=D&state_cd=26&dist_cd=4, line 1: ReferenceError: clearCaptchaText is not defined
JavaScript error: https://services.ecourts.gov.in/ecourtindia_v4_bilingual/cases/s_orderdate.php?state=D&state_cd=26&dist_cd=4, line 1: ReferenceError: clearCaptchaText is not defined
JavaScript error: https://services.ecourts.gov.in/ecourtindia_v4_bilingual/cases/s_orderdate.php?state=D&state_cd=26&dist_cd=4, line 1: ReferenceError: clearCaptchaText is not defined
1601547755483	Marionette	INFO	Stopped listening on port 52866

###!!! [Parent][MessageChannel] Error: (msgtype=0x1D0011,name=PBackgroundStorage::Msg_Observe) Channel error: cannot send/recv

1601547776833	geckodriver	INFO	Listening on 127.0.0.1:52944
1601547777853	mozrunner::runner	INFO	Running command: "/Applications/Firefox.app/Contents/MacOS/firefox-bin" "--marionette" "-foreground" "-no-remote" "-profile" "/var/folders/cr/9w5017_s4c3058kgc4407mq80000gn/T/rust_mozprofileM97995"
console.error: SearchCache: "_readCacheFile: Error reading cache file:" (new Error("", "(unknown module)"))
1601547780861	Marionette	INFO	Listening on port 52955
1601547780964	Marionette	WARN	TLS certificate errors will be ignored for this session
JavaScript error: resource://gre/modules/URIFixup.jsm, line 271: NS_ERROR_FAILURE: Should pass a non-null uri
JavaScript error: https://services.ecourts.gov.in/ecourtindia_v4_bilingual/cases/s_orderdate.php?state=D&state_cd=26&dist_cd=4, line 609: TypeError: parent.document.getElementById(...) is null
JavaScript error: https://services.ecourts.gov.in/ecourtindia_v4_bilingual/cases/s_orderdate.php?state=D&state_cd=26&dist_cd=4, line 638: TypeError: parent.document.getElementById(...) is null
JavaScript error: https://services.ecourts.gov.in/ecourtindia_v4_bilingual/cases/s_orderdate.php?state=D&state_cd=26&dist_cd=4, line 1: ReferenceError: funCourtEstChange is not defined
JavaScript error: https://services.ecourts.gov.in/ecourtindia_v4_bilingual/cases/s_orderdate.php?state=D&state_cd=26&dist_cd=4, line 1: ReferenceError: clearCaptchaText is not defined
JavaScript error: https://services.ecourts.gov.in/ecourtindia_v4_bilingual/cases/s_orderdate.php?state=D&state_cd=26&dist_cd=4, line 1: ReferenceError: clearCaptchaText is not defined
JavaScript error: https://services.ecourts.gov.in/ecourtindia_v4_bilingual/cases/s_orderdate.php?state=D&state_cd=26&dist_cd=4, line 1: ReferenceError: clearCaptchaText is not defined
1601547810187	Marionette	INFO	Stopped listening on port 52955
1601547906172	geckodriver	INFO	Listening on 127.0.0.1:53040
1601547907196	mozrunner::runner	INFO	Running command: "/Applications/Firefox.app/Contents/MacOS/firefox-bin" "--marionette" "-foreground" "-no-remote" "-profile" "/var/folders/cr/9w5017_s4c3058kgc4407mq80000gn/T/rust_mozprofilex6ur0J"
console.error: SearchCache: "_readCacheFile: Error reading cache file:" (new Error("", "(unknown module)"))
1601547910383	Marionette	INFO	Listening on port 53052
1601547910445	Marionette	WARN	TLS certificate errors will be ignored for this session
JavaScript error: resource://gre/modules/URIFixup.jsm, line 271: NS_ERROR_FAILURE: Should pass a non-null uri
JavaScript error: https://services.ecourts.gov.in/ecourtindia_v4_bilingual/cases/s_orderdate.php?state=D&state_cd=26&dist_cd=4, line 609: TypeError: parent.document.getElementById(...) is null
JavaScript error: https://services.ecourts.gov.in/ecourtindia_v4_bilingual/cases/s_orderdate.php?state=D&state_cd=26&dist_cd=4, line 638: TypeError: parent.document.getElementById(...) is null
JavaScript error: https://services.ecourts.gov.in/ecourtindia_v4_bilingual/cases/s_orderdate.php?state=D&state_cd=26&dist_cd=4, line 1: ReferenceError: funCourtEstChange is not defined
JavaScript error: https://services.ecourts.gov.in/ecourtindia_v4_bilingual/cases/s_orderdate.php?state=D&state_cd=26&dist_cd=4, line 1: ReferenceError: clearCaptchaText is not defined
1601547935457	Marionette	INFO	Stopped listening on port 53052
1601548280657	geckodriver	INFO	Listening on 127.0.0.1:53186
1601548280674	mozrunner::runner	INFO	Running command: "/Applications/Firefox.app/Contents/MacOS/firefox-bin" "--marionette" "-foreground" "-no-remote" "-profile" "/var/folders/cr/9w5017_s4c3058kgc4407mq80000gn/T/rust_mozprofilepxJ3Xx"
console.error: SearchCache: "_readCacheFile: Error reading cache file:" (new Error("", "(unknown module)"))
1601548283993	Marionette	INFO	Listening on port 53195
1601548284128	Marionette	WARN	TLS certificate errors will be ignored for this session
JavaScript error: resource://gre/modules/URIFixup.jsm, line 271: NS_ERROR_FAILURE: Should pass a non-null uri
JavaScript error: https://services.ecourts.gov.in/ecourtindia_v4_bilingual/cases/s_orderdate.php?state=D&state_cd=26&dist_cd=4, line 609: TypeError: parent.document.getElementById(...) is null
JavaScript error: https://services.ecourts.gov.in/ecourtindia_v4_bilingual/cases/s_orderdate.php?state=D&state_cd=26&dist_cd=4, line 638: TypeError: parent.document.getElementById(...) is null
JavaScript error: https://services.ecourts.gov.in/ecourtindia_v4_bilingual/cases/s_orderdate.php?state=D&state_cd=26&dist_cd=4, line 1: ReferenceError: funCourtEstChange is not defined
JavaScript error: https://services.ecourts.gov.in/ecourtindia_v4_bilingual/cases/s_orderdate.php?state=D&state_cd=26&dist_cd=4, line 1: ReferenceError: clearCaptchaText is not defined
JavaScript error: https://services.ecourts.gov.in/ecourtindia_v4_bilingual/cases/s_orderdate.php?state=D&state_cd=26&dist_cd=4, line 1: ReferenceError: clearCaptchaText is not defined
JavaScript error: https://services.ecourts.gov.in/ecourtindia_v4_bilingual/cases/s_orderdate.php?state=D&state_cd=26&dist_cd=4, line 1: ReferenceError: clearCaptchaText is not defined
JavaScript error: https://services.ecourts.gov.in/ecourtindia_v4_bilingual/cases/s_orderdate.php?state=D&state_cd=26&dist_cd=4, line 1: ReferenceError: clearCaptchaText is not defined
JavaScript error: https://services.ecourts.gov.in/ecourtindia_v4_bilingual/cases/s_orderdate.php?state=D&state_cd=26&dist_cd=4, line 1: ReferenceError: clearCaptchaText is not defined
JavaScript error: https://services.ecourts.gov.in/ecourtindia_v4_bilingual/cases/s_orderdate.php?state=D&state_cd=26&dist_cd=4, line 1: ReferenceError: clearCaptchaText is not defined
1601548336134	Marionette	INFO	Stopped listening on port 53195
1601548367469	geckodriver	INFO	Listening on 127.0.0.1:53269
1601548368493	mozrunner::runner	INFO	Running command: "/Applications/Firefox.app/Contents/MacOS/firefox-bin" "--marionette" "-foreground" "-no-remote" "-profile" "/var/folders/cr/9w5017_s4c3058kgc4407mq80000gn/T/rust_mozprofilezGmy8S"
console.error: SearchCache: "_readCacheFile: Error reading cache file:" (new Error("", "(unknown module)"))
1601548371617	Marionette	INFO	Listening on port 53280
1601548371689	Marionette	WARN	TLS certificate errors will be ignored for this session
JavaScript error: resource://gre/modules/URIFixup.jsm, line 271: NS_ERROR_FAILURE: Should pass a non-null uri
JavaScript error: https://services.ecourts.gov.in/ecourtindia_v4_bilingual/cases/s_orderdate.php?state=D&state_cd=26&dist_cd=10, line 609: TypeError: parent.document.getElementById(...) is null
JavaScript error: https://services.ecourts.gov.in/ecourtindia_v4_bilingual/cases/s_orderdate.php?state=D&state_cd=26&dist_cd=10, line 638: TypeError: parent.document.getElementById(...) is null
JavaScript error: https://services.ecourts.gov.in/ecourtindia_v4_bilingual/cases/s_orderdate.php?state=D&state_cd=26&dist_cd=10, line 1: ReferenceError: funCourtEstChange is not defined
JavaScript error: https://services.ecourts.gov.in/ecourtindia_v4_bilingual/cases/s_orderdate.php?state=D&state_cd=26&dist_cd=10, line 1: ReferenceError: clearCaptchaText is not defined
1601548396640	Marionette	INFO	Stopped listening on port 53280
1601548639995	geckodriver	INFO	Listening on 127.0.0.1:53405
1601548641023	mozrunner::runner	INFO	Running command: "/Applications/Firefox.app/Contents/MacOS/firefox-bin" "--marionette" "-foreground" "-no-remote" "-profile" "/var/folders/cr/9w5017_s4c3058kgc4407mq80000gn/T/rust_mozprofile1y7d1v"
console.error: SearchCache: "_readCacheFile: Error reading cache file:" (new Error("", "(unknown module)"))
1601548644145	Marionette	INFO	Listening on port 53416
1601548644188	Marionette	WARN	TLS certificate errors will be ignored for this session
JavaScript error: resource://gre/modules/URIFixup.jsm, line 271: NS_ERROR_FAILURE: Should pass a non-null uri
JavaScript error: https://services.ecourts.gov.in/ecourtindia_v4_bilingual/cases/s_orderdate.php?state=D&state_cd=26&dist_cd=9, line 609: TypeError: parent.document.getElementById(...) is null
JavaScript error: https://services.ecourts.gov.in/ecourtindia_v4_bilingual/cases/s_orderdate.php?state=D&state_cd=26&dist_cd=9, line 638: TypeError: parent.document.getElementById(...) is null
JavaScript error: https://services.ecourts.gov.in/ecourtindia_v4_bilingual/cases/s_orderdate.php?state=D&state_cd=26&dist_cd=9, line 1: ReferenceError: funCourtEstChange is not defined
JavaScript error: https://services.ecourts.gov.in/ecourtindia_v4_bilingual/cases/s_orderdate.php?state=D&state_cd=26&dist_cd=9, line 1: ReferenceError: clearCaptchaText is not defined
JavaScript error: https://services.ecourts.gov.in/ecourtindia_v4_bilingual/cases/s_orderdate.php?state=D&state_cd=26&dist_cd=9, line 1: ReferenceError: clearCaptchaText is not defined
JavaScript error: https://services.ecourts.gov.in/ecourtindia_v4_bilingual/cases/s_orderdate.php?state=D&state_cd=26&dist_cd=9, line 1: ReferenceError: clearCaptchaText is not defined
JavaScript error: https://services.ecourts.gov.in/ecourtindia_v4_bilingual/cases/s_orderdate.php?state=D&state_cd=26&dist_cd=9, line 1: ReferenceError: clearCaptchaText is not defined
JavaScript error: https://services.ecourts.gov.in/ecourtindia_v4_bilingual/cases/s_orderdate.php?state=D&state_cd=26&dist_cd=9, line 1: ReferenceError: clearCaptchaText is not defined
JavaScript error: https://services.ecourts.gov.in/ecourtindia_v4_bilingual/cases/s_orderdate.php?state=D&state_cd=26&dist_cd=9, line 1: ReferenceError: clearCaptchaText is not defined
JavaScript error: https://services.ecourts.gov.in/ecourtindia_v4_bilingual/cases/s_orderdate.php?state=D&state_cd=26&dist_cd=9, line 1: ReferenceError: clearCaptchaText is not defined
1601548688176	Marionette	INFO	Stopped listening on port 53416
1601548704873	geckodriver	INFO	Listening on 127.0.0.1:53487
1601548705892	mozrunner::runner	INFO	Running command: "/Applications/Firefox.app/Contents/MacOS/firefox-bin" "--marionette" "-foreground" "-no-remote" "-profile" "/var/folders/cr/9w5017_s4c3058kgc4407mq80000gn/T/rust_mozprofileg6AceI"
console.error: SearchCache: "_readCacheFile: Error reading cache file:" (new Error("", "(unknown module)"))
1601548708829	Marionette	INFO	Listening on port 53498
1601548708894	Marionette	WARN	TLS certificate errors will be ignored for this session
JavaScript error: resource://gre/modules/URIFixup.jsm, line 271: NS_ERROR_FAILURE: Should pass a non-null uri
JavaScript error: https://services.ecourts.gov.in/ecourtindia_v4_bilingual/cases/s_orderdate.php?state=D&state_cd=26&dist_cd=9, line 609: TypeError: parent.document.getElementById(...) is null
JavaScript error: https://services.ecourts.gov.in/ecourtindia_v4_bilingual/cases/s_orderdate.php?state=D&state_cd=26&dist_cd=9, line 638: TypeError: parent.document.getElementById(...) is null
JavaScript error: https://services.ecourts.gov.in/ecourtindia_v4_bilingual/cases/s_orderdate.php?state=D&state_cd=26&dist_cd=9, line 1: ReferenceError: funCourtEstChange is not defined
JavaScript error: https://services.ecourts.gov.in/ecourtindia_v4_bilingual/cases/s_orderdate.php?state=D&state_cd=26&dist_cd=9, line 1: ReferenceError: clearCaptchaText is not defined
JavaScript error: https://services.ecourts.gov.in/ecourtindia_v4_bilingual/cases/s_orderdate.php?state=D&state_cd=26&dist_cd=9, line 1: ReferenceError: clearCaptchaText is not defined
JavaScript error: https://services.ecourts.gov.in/ecourtindia_v4_bilingual/cases/s_orderdate.php?state=D&state_cd=26&dist_cd=9, line 1: ReferenceError: clearCaptchaText is not defined
JavaScript error: https://services.ecourts.gov.in/ecourtindia_v4_bilingual/cases/s_orderdate.php?state=D&state_cd=26&dist_cd=9, line 1: ReferenceError: clearCaptchaText is not defined
JavaScript error: https://services.ecourts.gov.in/ecourtindia_v4_bilingual/cases/s_orderdate.php?state=D&state_cd=26&dist_cd=9, line 1: ReferenceError: clearCaptchaText is not defined
JavaScript error: https://services.ecourts.gov.in/ecourtindia_v4_bilingual/cases/s_orderdate.php?state=D&state_cd=26&dist_cd=9, line 1: ReferenceError: clearCaptchaText is not defined
1601548753034	Marionette	INFO	Stopped listening on port 53498
1601548778677	geckodriver	INFO	Listening on 127.0.0.1:53577
1601548779693	mozrunner::runner	INFO	Running command: "/Applications/Firefox.app/Contents/MacOS/firefox-bin" "--marionette" "-foreground" "-no-remote" "-profile" "/var/folders/cr/9w5017_s4c3058kgc4407mq80000gn/T/rust_mozprofile8b5PzU"
console.error: SearchCache: "_readCacheFile: Error reading cache file:" (new Error("", "(unknown module)"))
1601548783409	Marionette	INFO	Listening on port 53590
1601548783499	Marionette	WARN	TLS certificate errors will be ignored for this session
JavaScript error: resource://gre/modules/URIFixup.jsm, line 271: NS_ERROR_FAILURE: Should pass a non-null uri
JavaScript error: https://services.ecourts.gov.in/ecourtindia_v4_bilingual/cases/s_orderdate.php?state=D&state_cd=26&dist_cd=9, line 609: TypeError: parent.document.getElementById(...) is null
JavaScript error: https://services.ecourts.gov.in/ecourtindia_v4_bilingual/cases/s_orderdate.php?state=D&state_cd=26&dist_cd=9, line 638: TypeError: parent.document.getElementById(...) is null
JavaScript error: https://services.ecourts.gov.in/ecourtindia_v4_bilingual/cases/s_orderdate.php?state=D&state_cd=26&dist_cd=9, line 1: ReferenceError: funCourtEstChange is not defined
JavaScript error: https://services.ecourts.gov.in/ecourtindia_v4_bilingual/cases/s_orderdate.php?state=D&state_cd=26&dist_cd=9, line 1: ReferenceError: clearCaptchaText is not defined
JavaScript error: https://services.ecourts.gov.in/ecourtindia_v4_bilingual/cases/s_orderdate.php?state=D&state_cd=26&dist_cd=9, line 1: ReferenceError: clearCaptchaText is not defined
1601548819816	Marionette	INFO	Stopped listening on port 53590
1601548844816	geckodriver	INFO	Listening on 127.0.0.1:53673
1601548844829	mozrunner::runner	INFO	Running command: "/Applications/Firefox.app/Contents/MacOS/firefox-bin" "--marionette" "-foreground" "-no-remote" "-profile" "/var/folders/cr/9w5017_s4c3058kgc4407mq80000gn/T/rust_mozprofile2C7jbp"
console.error: SearchCache: "_readCacheFile: Error reading cache file:" (new Error("", "(unknown module)"))
1601548847900	Marionette	INFO	Listening on port 53682
1601548847922	Marionette	WARN	TLS certificate errors will be ignored for this session
JavaScript error: resource://gre/modules/URIFixup.jsm, line 271: NS_ERROR_FAILURE: Should pass a non-null uri
JavaScript error: https://services.ecourts.gov.in/ecourtindia_v4_bilingual/cases/s_orderdate.php?state=D&state_cd=26&dist_cd=9, line 609: TypeError: parent.document.getElementById(...) is null
JavaScript error: https://services.ecourts.gov.in/ecourtindia_v4_bilingual/cases/s_orderdate.php?state=D&state_cd=26&dist_cd=9, line 638: TypeError: parent.document.getElementById(...) is null
JavaScript error: https://services.ecourts.gov.in/ecourtindia_v4_bilingual/cases/s_orderdate.php?state=D&state_cd=26&dist_cd=9, line 1: ReferenceError: funCourtEstChange is not defined
JavaScript error: https://services.ecourts.gov.in/ecourtindia_v4_bilingual/cases/s_orderdate.php?state=D&state_cd=26&dist_cd=9, line 1: ReferenceError: clearCaptchaText is not defined
1601548873304	Marionette	INFO	Stopped listening on port 53682
1601549118636	geckodriver	INFO	Listening on 127.0.0.1:53809
1601549119656	mozrunner::runner	INFO	Running command: "/Applications/Firefox.app/Contents/MacOS/firefox-bin" "--marionette" "-foreground" "-no-remote" "-profile" "/var/folders/cr/9w5017_s4c3058kgc4407mq80000gn/T/rust_mozprofileYIDkx6"
console.error: SearchCache: "_readCacheFile: Error reading cache file:" (new Error("", "(unknown module)"))
1601549122765	Marionette	INFO	Listening on port 53820
1601549122802	Marionette	WARN	TLS certificate errors will be ignored for this session
JavaScript error: resource://gre/modules/URIFixup.jsm, line 271: NS_ERROR_FAILURE: Should pass a non-null uri
JavaScript error: https://services.ecourts.gov.in/ecourtindia_v4_bilingual/cases/s_orderdate.php?state=D&state_cd=26&dist_cd=6, line 609: TypeError: parent.document.getElementById(...) is null
JavaScript error: https://services.ecourts.gov.in/ecourtindia_v4_bilingual/cases/s_orderdate.php?state=D&state_cd=26&dist_cd=6, line 638: TypeError: parent.document.getElementById(...) is null
JavaScript error: https://services.ecourts.gov.in/ecourtindia_v4_bilingual/cases/s_orderdate.php?state=D&state_cd=26&dist_cd=6, line 1: ReferenceError: funCourtEstChange is not defined
JavaScript error: https://services.ecourts.gov.in/ecourtindia_v4_bilingual/cases/s_orderdate.php?state=D&state_cd=26&dist_cd=6, line 1: ReferenceError: clearCaptchaText is not defined
1601549151124	Marionette	INFO	Stopped listening on port 53820
1601549450137	geckodriver	INFO	Listening on 127.0.0.1:53983
1601549451162	mozrunner::runner	INFO	Running command: "/Applications/Firefox.app/Contents/MacOS/firefox-bin" "--marionette" "-foreground" "-no-remote" "-profile" "/var/folders/cr/9w5017_s4c3058kgc4407mq80000gn/T/rust_mozprofile8IGwcE"
console.error: SearchCache: "_readCacheFile: Error reading cache file:" (new Error("", "(unknown module)"))
1601549454315	Marionette	INFO	Listening on port 53994
1601549454411	Marionette	WARN	TLS certificate errors will be ignored for this session
JavaScript error: resource://gre/modules/URIFixup.jsm, line 271: NS_ERROR_FAILURE: Should pass a non-null uri
JavaScript error: https://services.ecourts.gov.in/ecourtindia_v4_bilingual/cases/s_orderdate.php?state=D&state_cd=26&dist_cd=6, line 609: TypeError: parent.document.getElementById(...) is null
JavaScript error: https://services.ecourts.gov.in/ecourtindia_v4_bilingual/cases/s_orderdate.php?state=D&state_cd=26&dist_cd=6, line 638: TypeError: parent.document.getElementById(...) is null
JavaScript error: https://services.ecourts.gov.in/ecourtindia_v4_bilingual/cases/s_orderdate.php?state=D&state_cd=26&dist_cd=6, line 1: ReferenceError: funCourtEstChange is not defined
JavaScript error: https://services.ecourts.gov.in/ecourtindia_v4_bilingual/cases/s_orderdate.php?state=D&state_cd=26&dist_cd=6, line 1: ReferenceError: clearCaptchaText is not defined
1601549476831	Marionette	INFO	Stopped listening on port 53994
1601550229807	geckodriver	INFO	Listening on 127.0.0.1:54201
1601550229822	mozrunner::runner	INFO	Running command: "/Applications/Firefox.app/Contents/MacOS/firefox-bin" "--marionette" "-foreground" "-no-remote" "-profile" "/var/folders/cr/9w5017_s4c3058kgc4407mq80000gn/T/rust_mozprofilewlRQqG"
console.error: SearchCache: "_readCacheFile: Error reading cache file:" (new Error("", "(unknown module)"))
1601550232977	Marionette	INFO	Listening on port 54210
1601550233027	Marionette	WARN	TLS certificate errors will be ignored for this session
JavaScript error: resource://gre/modules/URIFixup.jsm, line 271: NS_ERROR_FAILURE: Should pass a non-null uri
JavaScript error: https://services.ecourts.gov.in/ecourtindia_v4_bilingual/cases/s_orderdate.php?state=D&state_cd=26&dist_cd=11, line 609: TypeError: parent.document.getElementById(...) is null
JavaScript error: https://services.ecourts.gov.in/ecourtindia_v4_bilingual/cases/s_orderdate.php?state=D&state_cd=26&dist_cd=11, line 638: TypeError: parent.document.getElementById(...) is null
JavaScript error: https://services.ecourts.gov.in/ecourtindia_v4_bilingual/cases/s_orderdate.php?state=D&state_cd=26&dist_cd=11, line 1: ReferenceError: funCourtEstChange is not defined
1601550282846	Marionette	INFO	Stopped listening on port 54210

###!!! [Child][RunMessage] Error: Channel closing: too late to send/recv, messages will be lost

1601550310803	geckodriver	INFO	Listening on 127.0.0.1:54306
1601550310817	mozrunner::runner	INFO	Running command: "/Applications/Firefox.app/Contents/MacOS/firefox-bin" "--marionette" "-foreground" "-no-remote" "-profile" "/var/folders/cr/9w5017_s4c3058kgc4407mq80000gn/T/rust_mozprofilew2csEd"
console.error: SearchCache: "_readCacheFile: Error reading cache file:" (new Error("", "(unknown module)"))
1601550313863	Marionette	INFO	Listening on port 54315
1601550313923	Marionette	WARN	TLS certificate errors will be ignored for this session
JavaScript error: resource://gre/modules/URIFixup.jsm, line 271: NS_ERROR_FAILURE: Should pass a non-null uri
console.error: Region.jsm: "Error fetching region" (new AbortError("The operation was aborted. ", (void 0), 697))
console.error: Region.jsm: "Failed to fetch region" (new Error("NO_RESULT", "resource://gre/modules/Region.jsm", 351))
JavaScript error: https://services.ecourts.gov.in/ecourtindia_v4_bilingual/cases/s_orderdate.php?state=D&state_cd=26&dist_cd=11, line 609: TypeError: parent.document.getElementById(...) is null
JavaScript error: https://services.ecourts.gov.in/ecourtindia_v4_bilingual/cases/s_orderdate.php?state=D&state_cd=26&dist_cd=11, line 638: TypeError: parent.document.getElementById(...) is null
1601550603961	Marionette	INFO	Stopped listening on port 54315
1601550898174	geckodriver	INFO	Listening on 127.0.0.1:54681
1601550898194	mozrunner::runner	INFO	Running command: "/Applications/Firefox.app/Contents/MacOS/firefox-bin" "--marionette" "-foreground" "-no-remote" "-profile" "/var/folders/cr/9w5017_s4c3058kgc4407mq80000gn/T/rust_mozprofiledOis0v"
console.error: SearchCache: "_readCacheFile: Error reading cache file:" (new Error("", "(unknown module)"))
1601550901300	Marionette	INFO	Listening on port 54690
1601550901404	Marionette	WARN	TLS certificate errors will be ignored for this session
JavaScript error: resource://gre/modules/URIFixup.jsm, line 271: NS_ERROR_FAILURE: Should pass a non-null uri
console.error: Region.jsm: "Error fetching region" (new AbortError("The operation was aborted. ", (void 0), 697))
console.error: Region.jsm: "Failed to fetch region" (new Error("NO_RESULT", "resource://gre/modules/Region.jsm", 351))

###!!! [Child][RunMessage] Error: Channel closing: too late to send/recv, messages will be lost

1601550975244	Marionette	INFO	Stopped listening on port 54690
1601884427339	geckodriver	INFO	Listening on 127.0.0.1:49934
1601884428357	mozrunner::runner	INFO	Running command: "/Applications/Firefox.app/Contents/MacOS/firefox-bin" "--marionette" "-foreground" "-no-remote" "-profile" "/var/folders/cr/9w5017_s4c3058kgc4407mq80000gn/T/rust_mozprofileLnTuxK"
console.error: SearchCache: "_readCacheFile: Error reading cache file:" (new Error("", "(unknown module)"))
1601884433402	Marionette	INFO	Listening on port 49945
1601884433489	Marionette	WARN	TLS certificate errors will be ignored for this session
JavaScript error: resource://gre/modules/URIFixup.jsm, line 271: NS_ERROR_FAILURE: Should pass a non-null uri
JavaScript error: https://services.ecourts.gov.in/ecourtindia_v4_bilingual/cases/s_orderdate.php?state=D&state_cd=26&dist_cd=10, line 609: TypeError: parent.document.getElementById(...) is null
JavaScript error: https://services.ecourts.gov.in/ecourtindia_v4_bilingual/cases/s_orderdate.php?state=D&state_cd=26&dist_cd=10, line 638: TypeError: parent.document.getElementById(...) is null
JavaScript error: https://services.ecourts.gov.in/ecourtindia_v4_bilingual/cases/s_orderdate.php?state=D&state_cd=26&dist_cd=10, line 1: ReferenceError: funCourtEstChange is not defined
JavaScript error: https://services.ecourts.gov.in/ecourtindia_v4_bilingual/cases/s_orderdate.php?state=D&state_cd=26&dist_cd=10, line 1: ReferenceError: clearCaptchaText is not defined
JavaScript error: https://services.ecourts.gov.in/ecourtindia_v4_bilingual/cases/s_orderdate.php?state=D&state_cd=26&dist_cd=10, line 1: ReferenceError: clearCaptchaText is not defined
1601884463082	Marionette	INFO	Stopped listening on port 49945
1602326862851	geckodriver	INFO	Listening on 127.0.0.1:53367
1602326862887	mozrunner::runner	INFO	Running command: "/Applications/Firefox.app/Contents/MacOS/firefox-bin" "--marionette" "--headless" "-foreground" "-no-remote" "-profile" "/var/folders/cr/9w5017_s4c3058kgc4407mq80000gn/T/rust_mozprofileQax9h1"
*** You are running in headless mode.
console.error: SearchCache: "_readCacheFile: Error reading cache file:" (new Error("", "(unknown module)"))
1602326866512	Marionette	INFO	Listening on port 53376
1602326866615	Marionette	WARN	TLS certificate errors will be ignored for this session
JavaScript error: https://services.ecourts.gov.in/ecourtindia_v4_bilingual/cases/s_orderdate.php?state=D&state_cd=26&dist_cd=8, line 609: TypeError: parent.document.getElementById(...) is null
JavaScript error: https://services.ecourts.gov.in/ecourtindia_v4_bilingual/cases/s_orderdate.php?state=D&state_cd=26&dist_cd=8, line 638: TypeError: parent.document.getElementById(...) is null
JavaScript error: https://services.ecourts.gov.in/ecourtindia_v4_bilingual/cases/s_orderdate.php?state=D&state_cd=26&dist_cd=8, line 1: ReferenceError: funCourtEstChange is not defined
JavaScript error: https://services.ecourts.gov.in/ecourtindia_v4_bilingual/cases/s_orderdate.php?state=D&state_cd=26&dist_cd=8, line 1: ReferenceError: clearCaptchaText is not defined
JavaScript error: https://services.ecourts.gov.in/ecourtindia_v4_bilingual/cases/s_orderdate.php?state=D&state_cd=26&dist_cd=8, line 1: ReferenceError: clearCaptchaText is not defined
JavaScript error: https://services.ecourts.gov.in/ecourtindia_v4_bilingual/cases/s_orderdate.php?state=D&state_cd=26&dist_cd=8, line 1: ReferenceError: clearCaptchaText is not defined
JavaScript error: https://services.ecourts.gov.in/ecourtindia_v4_bilingual/cases/s_orderdate.php?state=D&state_cd=26&dist_cd=8, line 1: ReferenceError: clearCaptchaText is not defined
JavaScript error: https://services.ecourts.gov.in/ecourtindia_v4_bilingual/cases/s_orderdate.php?state=D&state_cd=26&dist_cd=8, line 1: ReferenceError: clearCaptchaText is not defined
JavaScript error: https://services.ecourts.gov.in/ecourtindia_v4_bilingual/cases/s_orderdate.php?state=D&state_cd=26&dist_cd=8, line 1: ReferenceError: clearCaptchaText is not defined
1602326907695	Marionette	INFO	Stopped listening on port 53376
1602326945576	geckodriver	INFO	Listening on 127.0.0.1:53452
1602326946600	mozrunner::runner	INFO	Running command: "/Applications/Firefox.app/Contents/MacOS/firefox-bin" "--marionette" "--headless" "-foreground" "-no-remote" "-profile" "/var/folders/cr/9w5017_s4c3058kgc4407mq80000gn/T/rust_mozprofileUnPM8f"
*** You are running in headless mode.
console.error: SearchCache: "_readCacheFile: Error reading cache file:" (new Error("", "(unknown module)"))
1602326950019	Marionette	INFO	Listening on port 53463
1602326950151	Marionette	WARN	TLS certificate errors will be ignored for this session
JavaScript error: https://services.ecourts.gov.in/ecourtindia_v4_bilingual/cases/s_orderdate.php?state=D&state_cd=26&dist_cd=8, line 609: TypeError: parent.document.getElementById(...) is null
JavaScript error: https://services.ecourts.gov.in/ecourtindia_v4_bilingual/cases/s_orderdate.php?state=D&state_cd=26&dist_cd=8, line 638: TypeError: parent.document.getElementById(...) is null
JavaScript error: https://services.ecourts.gov.in/ecourtindia_v4_bilingual/cases/s_orderdate.php?state=D&state_cd=26&dist_cd=8, line 1: ReferenceError: funCourtEstChange is not defined
JavaScript error: https://services.ecourts.gov.in/ecourtindia_v4_bilingual/cases/s_orderdate.php?state=D&state_cd=26&dist_cd=8, line 1: ReferenceError: clearCaptchaText is not defined
1602326975487	Marionette	INFO	Stopped listening on port 53463
1602341451710	geckodriver	INFO	Listening on 127.0.0.1:56848
1602341451742	mozrunner::runner	INFO	Running command: "/Applications/Firefox.app/Contents/MacOS/firefox-bin" "--marionette" "--headless" "-foreground" "-no-remote" "-profile" "/var/folders/cr/9w5017_s4c3058kgc4407mq80000gn/T/rust_mozprofileb7p9uj"
*** You are running in headless mode.
console.error: SearchCache: "_readCacheFile: Error reading cache file:" (new Error("", "(unknown module)"))
1602341455353	Marionette	INFO	Listening on port 56857
1602341455459	Marionette	WARN	TLS certificate errors will be ignored for this session
JavaScript error: https://services.ecourts.gov.in/ecourtindia_v4_bilingual/cases/s_orderdate.php?state=D&state_cd=26&dist_cd=8, line 609: TypeError: parent.document.getElementById(...) is null
JavaScript error: https://services.ecourts.gov.in/ecourtindia_v4_bilingual/cases/s_orderdate.php?state=D&state_cd=26&dist_cd=8, line 638: TypeError: parent.document.getElementById(...) is null
JavaScript error: https://services.ecourts.gov.in/ecourtindia_v4_bilingual/cases/s_orderdate.php?state=D&state_cd=26&dist_cd=8, line 1: ReferenceError: funCourtEstChange is not defined
JavaScript error: https://services.ecourts.gov.in/ecourtindia_v4_bilingual/cases/s_orderdate.php?state=D&state_cd=26&dist_cd=8, line 1: ReferenceError: clearCaptchaText is not defined
JavaScript error: https://services.ecourts.gov.in/ecourtindia_v4_bilingual/cases/s_orderdate.php?state=D&state_cd=26&dist_cd=8, line 1: ReferenceError: clearCaptchaText is not defined
JavaScript error: https://services.ecourts.gov.in/ecourtindia_v4_bilingual/cases/s_orderdate.php?state=D&state_cd=26&dist_cd=8, line 1: ReferenceError: clearCaptchaText is not defined
JavaScript error: https://services.ecourts.gov.in/ecourtindia_v4_bilingual/cases/s_orderdate.php?state=D&state_cd=26&dist_cd=8, line 1: ReferenceError: clearCaptchaText is not defined
JavaScript error: https://services.ecourts.gov.in/ecourtindia_v4_bilingual/cases/s_orderdate.php?state=D&state_cd=26&dist_cd=8, line 1: ReferenceError: clearCaptchaText is not defined
1602341505449	Marionette	INFO	Stopped listening on port 56857
1602747642851	geckodriver	INFO	Listening on 127.0.0.1:50026
1602747643869	mozrunner::runner	INFO	Running command: "/Applications/Firefox.app/Contents/MacOS/firefox-bin" "--marionette" "-foreground" "-no-remote" "-profile" "/var/folders/pp/svdkbcl174bflc19t33vlnsm0000gn/T/rust_mozprofileEgUBsQ"
console.error: SearchCache: "_readCacheFile: Error reading cache file:" (new Error("", "(unknown module)"))
1602747646758	Marionette	INFO	Listening on port 50037
1602747646859	Marionette	WARN	TLS certificate errors will be ignored for this session
JavaScript error: resource://gre/modules/URIFixup.jsm, line 271: NS_ERROR_FAILURE: Should pass a non-null uri
JavaScript error: https://services.ecourts.gov.in/ecourtindia_v4_bilingual/cases/s_orderdate.php?state=D&state_cd=26&dist_cd=4, line 481: ReferenceError: SecurimageAudio is not defined
JavaScript error: https://services.ecourts.gov.in/ecourtindia_v4_bilingual/cases/s_orderdate.php?state=D&state_cd=26&dist_cd=4, line 540: ReferenceError: $ is not defined
JavaScript error: https://services.ecourts.gov.in/ecourtindia_v4_bilingual/cases/s_orderdate.php?state=D&state_cd=26&dist_cd=4, line 567: ReferenceError: $ is not defined
JavaScript error: https://services.ecourts.gov.in/ecourtindia_v4_bilingual/cases/s_orderdate.php?state=D&state_cd=26&dist_cd=4, line 609: TypeError: parent.document.getElementById(...) is null
JavaScript error: https://services.ecourts.gov.in/ecourtindia_v4_bilingual/cases/s_orderdate.php?state=D&state_cd=26&dist_cd=4, line 1609: ReferenceError: CsrfMagic is not defined
JavaScript error: https://services.ecourts.gov.in/ecourtindia_v4_bilingual/cases/s_orderdate.php?state=D&state_cd=26&dist_cd=4, line 638: TypeError: parent.document.getElementById(...) is null
JavaScript error: https://services.ecourts.gov.in/ecourtindia_v4_bilingual/cases/s_orderdate.php?state=D&state_cd=26&dist_cd=4, line 1: ReferenceError: funCourtEstChange is not defined
JavaScript error: https://services.ecourts.gov.in/ecourtindia_v4_bilingual/cases/s_orderdate.php?state=D&state_cd=26&dist_cd=4, line 1197: TypeError: $ is undefined
